33 33
21 21
35 36
16 41
35 30
16 38
26 33
2 2
33 29
36 27
34 21
39 20
35 6
52 16
33 33
43 20
46 38
14 55
11 30
37 14
25 37
48 28
28 2
15 15
7 7
4 5
62 11
42 42
44 49
31 34
55 44
2 62
20 20
48 37
28 63
46 11
18 18
62 39
3 3
63 32
41 41
2 28
38 38
42 42
44 51
2 28
25 25
50 5
61 36
44 44
12 12
10 33
42 42
6 6
55 28
52 16
37 3
18 57
40 4
28 37
21 21
48 11
39 55
36 40
28 16
11 5
47 23
2 11
52 52
8 48
10 48
2 28
44 44
45 21
55 44
62 38
17 16
52 42
10 5
11 2
32 9
28 8
16 16
1 1
40 7
60 5
51 16
28 28
14 27
36 36
21 51
38 51
37 37
7 7
50 50
18 18
42 42
40 36
52 16
30 31
1 14
58 50
25 45
15 60
46 26
7 49
2 36
63 63
55 14
0 24
23 56
2 2
35 38
4 40
47 21
52 23
14 1
60 48
24 14
63 63
32 25
26 10
42 42
37 6
29 24
5 5
16 16
23 7
44 44
58 0
62 62
59 57
23 23
41 20
47 47
19 62
37 17
63 63
48 2
28 2
5 39
9 36
4 5
38 51
1 1
32 43
17 6
15 15
16 6
11 40
44 15
6 16
2 63
51 6
3 10
58 0
6 6
6 6
37 37
63 37
5 5
62 62
54 54
63 63
28 11
36 39
15 30
28 37
29 60
39 4
60 36
39 36
35 41
53 34
8 5
14 43
2 2
50 13
54 47
62 19
48 48
52 21
47 11
62 57
45 45
9 41
28 52
2 63
43 60
4 4
46 33
10 37
25 19
39 39
44 28
38 51
28 43
29 0
51 37
1 1
36 55
8 46
31 4
38 38
13 13
16 53
58 45
33 13
36 63
26 11
13 13
28 9
15 47
37 12
34 53
10 10
28 55
62 52
16 52
26 60
19 41
44 9
17 53
60 8
38 51
14 14
52 43
51 38
1 17
10 10
28 11
41 39
51 51
38 51
7 7
15 53
32 32
16 21
51 51
62 62
61 57
4 46
50 33
11 11
57 35
48 48
42 44
48 48
4 36
56 33
48 47
34 44
34 30
21 16
42 28
29 44
24 50
7 6
40 20
61 53
1 6
16 16
2 11
38 38
51 16
26 10
41 16
8 52
14 14
52 28
14 28
14 36
27 23
38 11
26 26
55 42
4 4
60 44
57 21
60 60
36 11
45 21
10 3
33 33
33 10
10 10
44 44
14 29
6 37
55 56
54 36
44 16
26 26
2 28
12 38
14 44
28 8
31 41
62 47
28 10
16 38
30 38
63 62
28 28
52 25
23 52
23 14
52 6
52 28
60 40
6 54
22 50
35 20
22 22
32 17
1 1
45 45
3 47
43 43
17 16
11 7
10 25
44 44
31 45
38 51
12 51
37 37
31 38
47 47
2 40
23 13
36 39
10 13
28 27
35 63
53 0
48 7
28 37
37 48
2 2
44 44
19 57
3 0
51 1
36 48
1 32
4 46
43 36
8 11
29 14
36 36
55 44
28 7
51 51
59 12
37 14
44 61
31 18
39 62
38 32
2 38
51 51
47 51
16 16
30 54
37 55
44 44
2 11
11 2
3 10
6 37
60 28
28 28
47 48
13 26
2 8
7 10
28 2
8 8
47 59
47 47
32 0
10 12
17 17
39 61
48 48
9 14
32 63
22 25
43 55
4 46
37 37
8 8
12 12
12 37
9 15
6 6
44 1
18 50
16 19
42 28
11 5
3 3
62 20
37 6
8 48
45 21
14 23
28 6
24 7
51 55
7 10
7 10
28 48
45 19
27 39
62 2
2 2
35 3
63 2
6 51
10 6
43 55
61 41
53 42
60 60
9 41
29 29
55 55
15 54
38 38
1 1
37 19
34 15
57 22
11 2
32 32
48 5
24 4
52 42
60 28
21 8
28 28
60 5
8 8
52 52
28 52
59 12
16 16
9 28
52 8
16 38
7 7
35 43
36 42
42 52
63 40
19 16
30 30
37 35
12 25
54 38
16 53
1 14
18 4
5 28
55 2
55 14
47 30
24 0
1 0
47 30
2 2
10 10
15 55
43 36
60 60
60 15
52 8
44 15
5 52
49 32
16 42
28 28
62 56
14 10
37 26
27 27
42 55
28 36
44 1
7 7
37 56
7 7
44 28
51 51
37 10
29 15
37 32
55 28
